2026-04-20 15:18:37,939 - INFO - Product creation started: madhu test madhu
2026-04-20 15:18:37,939 - INFO - Slug generated: madhu-test-madhu
2026-04-20 15:18:37,939 - INFO - Uploading file: IMG-20231011-WA0003.jpg
2026-04-20 15:18:37,939 - INFO - Uploading file: IMG-20240511-WA0006.jpg
2026-04-20 15:18:37,941 - INFO - Colors parsed: [{'color_code': '#FFFFFF', 'color_name': '#FFFFFF'}]
2026-04-20 15:18:37,941 - ERROR - ERROR: duplicate key value violates unique constraint "products_pkey"
DETAIL:  Key (id)=(19) already exists.

2026-04-20 15:21:03,796 - INFO - Product creation started: madhu test madhu
2026-04-20 15:21:03,796 - INFO - Slug generated: madhu-test-madhu
2026-04-20 15:21:03,804 - INFO - Uploading file: IMG-20231011-WA0003.jpg
2026-04-20 15:21:03,810 - INFO - Uploading file: IMG-20240511-WA0006.jpg
2026-04-20 15:21:03,810 - INFO - Colors parsed: [{'color_code': '#FFFFFF', 'color_name': '#FFFFFF'}]
2026-04-20 15:21:03,812 - ERROR - ERROR: duplicate key value violates unique constraint "products_pkey"
DETAIL:  Key (id)=(20) already exists.

2026-04-20 15:21:14,862 - INFO - Product creation started: madhu test madhu
2026-04-20 15:21:14,862 - INFO - Slug generated: madhu-test-madhu
2026-04-20 15:21:14,862 - INFO - Uploading file: IMG-20231011-WA0003.jpg
2026-04-20 15:21:14,862 - INFO - Uploading file: IMG-20240511-WA0006.jpg
2026-04-20 15:21:14,866 - INFO - Colors parsed: [{'color_code': '#FFFFFF', 'color_name': '#FFFFFF'}]
2026-04-20 15:21:14,866 - INFO - Product inserted successfully ID: 21
2026-04-20 15:21:14,888 - INFO - Product created successfully
2026-04-20 15:27:12,271 - INFO - Product creation started: madhu test madhu
2026-04-20 15:27:12,271 - INFO - Slug generated: madhu-test-madhu
2026-04-20 15:27:12,271 - INFO - Uploading file: IMG-20231011-WA0003.jpg
2026-04-20 15:27:12,271 - INFO - Uploading file: IMG-20240511-WA0006.jpg
2026-04-20 15:27:12,273 - INFO - Colors parsed: [{'color_code': '#FFFFFF', 'color_name': '#FFFFFF'}]
2026-04-20 15:27:12,273 - INFO - Product inserted successfully ID: 22
2026-04-20 15:27:12,277 - ERROR - ERROR: duplicate key value violates unique constraint "product_image_galleries_pkey"
DETAIL:  Key (id)=(7) already exists.

2026-04-20 15:27:26,190 - INFO - Product creation started: madhu test madhuu
2026-04-20 15:27:26,191 - INFO - Slug generated: madhu-test-madhuu
2026-04-20 15:27:26,191 - INFO - Uploading file: IMG-20231011-WA0003.jpg
2026-04-20 15:27:26,192 - INFO - Uploading file: IMG-20240511-WA0006.jpg
2026-04-20 15:27:26,193 - INFO - Colors parsed: [{'color_code': '#FFFFFF', 'color_name': '#FFFFFF'}]
2026-04-20 15:27:26,195 - ERROR - ERROR: duplicate key value violates unique constraint "products_pkey"
DETAIL:  Key (id)=(23) already exists.

2026-04-20 15:27:31,098 - INFO - Product creation started: madhu test madhuu
2026-04-20 15:27:31,098 - INFO - Slug generated: madhu-test-madhuu
2026-04-20 15:27:31,098 - INFO - Uploading file: IMG-20231011-WA0003.jpg
2026-04-20 15:27:31,099 - INFO - Uploading file: IMG-20240511-WA0006.jpg
2026-04-20 15:27:31,099 - INFO - Colors parsed: [{'color_code': '#FFFFFF', 'color_name': '#FFFFFF'}]
2026-04-20 15:27:31,101 - INFO - Product inserted successfully ID: 24
2026-04-20 15:27:31,102 - ERROR - ERROR: duplicate key value violates unique constraint "product_image_galleries_pkey"
DETAIL:  Key (id)=(8) already exists.

2026-04-20 15:27:36,728 - INFO - Product creation started: madhu test madhuu
2026-04-20 15:27:36,728 - INFO - Slug generated: madhu-test-madhuu
2026-04-20 15:27:36,728 - INFO - Uploading file: IMG-20231011-WA0003.jpg
2026-04-20 15:27:36,728 - INFO - Uploading file: IMG-20240511-WA0006.jpg
2026-04-20 15:27:36,728 - INFO - Colors parsed: [{'color_code': '#FFFFFF', 'color_name': '#FFFFFF'}]
2026-04-20 15:27:36,737 - INFO - Product inserted successfully ID: 25
2026-04-20 15:27:36,737 - ERROR - ERROR: duplicate key value violates unique constraint "product_image_galleries_pkey"
DETAIL:  Key (id)=(9) already exists.

2026-04-20 15:27:41,546 - INFO - Product creation started: madhu test madhuu
2026-04-20 15:27:41,546 - INFO - Slug generated: madhu-test-madhuu
2026-04-20 15:27:41,546 - INFO - Uploading file: IMG-20231011-WA0003.jpg
2026-04-20 15:27:41,546 - INFO - Uploading file: IMG-20240511-WA0006.jpg
2026-04-20 15:27:41,554 - INFO - Colors parsed: [{'color_code': '#FFFFFF', 'color_name': '#FFFFFF'}]
2026-04-20 15:27:41,554 - INFO - Product inserted successfully ID: 26
2026-04-20 15:27:41,567 - INFO - Product created successfully
2026-04-20 15:27:53,815 - INFO - Product creation started: madhu test madhuuu
2026-04-20 15:27:53,815 - INFO - Slug generated: madhu-test-madhuuu
2026-04-20 15:27:53,815 - INFO - Uploading file: IMG-20231011-WA0003.jpg
2026-04-20 15:27:53,815 - INFO - Uploading file: IMG-20240511-WA0006.jpg
2026-04-20 15:27:53,818 - INFO - Colors parsed: [{'color_code': '#FFFFFF', 'color_name': '#FFFFFF'}]
2026-04-20 15:27:53,819 - INFO - Product inserted successfully ID: 27
2026-04-20 15:27:53,829 - INFO - Product created successfully
2026-04-20 15:28:03,630 - INFO - Product creation started: madhu test madhuuuu
2026-04-20 15:28:03,630 - INFO - Slug generated: madhu-test-madhuuuu
2026-04-20 15:28:03,632 - INFO - Uploading file: IMG-20231011-WA0003.jpg
2026-04-20 15:28:03,632 - INFO - Uploading file: IMG-20240511-WA0006.jpg
2026-04-20 15:28:03,632 - INFO - Colors parsed: [{'color_code': '#FFFFFF', 'color_name': '#FFFFFF'}]
2026-04-20 15:28:03,632 - INFO - Product inserted successfully ID: 28
2026-04-20 15:28:03,632 - INFO - Product created successfully
2026-04-20 15:28:15,147 - INFO - Product creation started: madhu testt madhuuuu
2026-04-20 15:28:15,147 - INFO - Slug generated: madhu-testt-madhuuuu
2026-04-20 15:28:15,147 - INFO - Uploading file: IMG-20231011-WA0003.jpg
2026-04-20 15:28:15,151 - INFO - Uploading file: IMG-20240511-WA0006.jpg
2026-04-20 15:28:15,151 - INFO - Colors parsed: [{'color_code': '#FFFFFF', 'color_name': '#FFFFFF'}]
2026-04-20 15:28:15,153 - INFO - Product inserted successfully ID: 29
2026-04-20 15:28:15,154 - ERROR - ERROR: duplicate key value violates unique constraint "product_image_galleries_pkey"
DETAIL:  Key (id)=(13) already exists.

2026-04-20 15:28:44,543 - INFO - Product creation started: madhu testt madhuuuu
2026-04-20 15:28:44,543 - INFO - Slug generated: madhu-testt-madhuuuu
2026-04-20 15:28:44,543 - INFO - Uploading file: IMG-20231011-WA0003.jpg
2026-04-20 15:28:44,545 - INFO - Uploading file: IMG-20240511-WA0006.jpg
2026-04-20 15:28:44,545 - INFO - Colors parsed: [{'color_code': '#FFFFFF', 'color_name': '#FFFFFF'}]
2026-04-20 15:28:44,547 - INFO - Product inserted successfully ID: 30
2026-04-20 15:28:44,549 - ERROR - ERROR: duplicate key value violates unique constraint "product_image_galleries_pkey"
DETAIL:  Key (id)=(14) already exists.

2026-04-20 15:28:49,061 - INFO - Product creation started: madhu testt madhuuuu
2026-04-20 15:28:49,061 - INFO - Slug generated: madhu-testt-madhuuuu
2026-04-20 15:28:49,061 - INFO - Uploading file: IMG-20231011-WA0003.jpg
2026-04-20 15:28:49,061 - INFO - Uploading file: IMG-20240511-WA0006.jpg
2026-04-20 15:28:49,061 - INFO - Colors parsed: [{'color_code': '#FFFFFF', 'color_name': '#FFFFFF'}]
2026-04-20 15:28:49,066 - INFO - Product inserted successfully ID: 31
2026-04-20 15:28:49,067 - ERROR - ERROR: duplicate key value violates unique constraint "product_image_galleries_pkey"
DETAIL:  Key (id)=(15) already exists.

2026-04-20 15:28:49,877 - INFO - Product creation started: madhu testt madhuuuu
2026-04-20 15:28:49,877 - INFO - Slug generated: madhu-testt-madhuuuu
2026-04-20 15:28:49,877 - INFO - Uploading file: IMG-20231011-WA0003.jpg
2026-04-20 15:28:49,877 - INFO - Uploading file: IMG-20240511-WA0006.jpg
2026-04-20 15:28:49,877 - INFO - Colors parsed: [{'color_code': '#FFFFFF', 'color_name': '#FFFFFF'}]
2026-04-20 15:28:49,877 - INFO - Product inserted successfully ID: 32
2026-04-20 15:28:49,886 - ERROR - ERROR: duplicate key value violates unique constraint "product_image_galleries_pkey"
DETAIL:  Key (id)=(16) already exists.

2026-04-20 15:28:59,117 - INFO - Product creation started: madhu test madhuuuuu
2026-04-20 15:28:59,117 - INFO - Slug generated: madhu-test-madhuuuuu
2026-04-20 15:28:59,117 - INFO - Uploading file: IMG-20231011-WA0003.jpg
2026-04-20 15:28:59,127 - INFO - Uploading file: IMG-20240511-WA0006.jpg
2026-04-20 15:28:59,127 - INFO - Colors parsed: [{'color_code': '#FFFFFF', 'color_name': '#FFFFFF'}]
2026-04-20 15:28:59,129 - INFO - Product inserted successfully ID: 33
2026-04-20 15:28:59,129 - ERROR - ERROR: duplicate key value violates unique constraint "product_image_galleries_pkey"
DETAIL:  Key (id)=(17) already exists.

2026-04-20 15:29:02,890 - INFO - Product creation started: madhu test madhuuuuu
2026-04-20 15:29:02,890 - INFO - Slug generated: madhu-test-madhuuuuu
2026-04-20 15:29:02,890 - INFO - Uploading file: IMG-20231011-WA0003.jpg
2026-04-20 15:29:02,890 - INFO - Uploading file: IMG-20240511-WA0006.jpg
2026-04-20 15:29:02,890 - INFO - Colors parsed: [{'color_code': '#FFFFFF', 'color_name': '#FFFFFF'}]
2026-04-20 15:29:02,894 - INFO - Product inserted successfully ID: 34
2026-04-20 15:29:02,894 - ERROR - ERROR: duplicate key value violates unique constraint "product_image_galleries_pkey"
DETAIL:  Key (id)=(18) already exists.

2026-04-20 15:29:03,910 - INFO - Product creation started: madhu test madhuuuuu
2026-04-20 15:29:03,913 - INFO - Slug generated: madhu-test-madhuuuuu
2026-04-20 15:29:03,913 - INFO - Uploading file: IMG-20231011-WA0003.jpg
2026-04-20 15:29:03,913 - INFO - Uploading file: IMG-20240511-WA0006.jpg
2026-04-20 15:29:03,913 - INFO - Colors parsed: [{'color_code': '#FFFFFF', 'color_name': '#FFFFFF'}]
2026-04-20 15:29:03,922 - INFO - Product inserted successfully ID: 35
2026-04-20 15:29:03,922 - ERROR - ERROR: duplicate key value violates unique constraint "product_image_galleries_pkey"
DETAIL:  Key (id)=(19) already exists.

2026-04-20 15:29:04,740 - INFO - Product creation started: madhu test madhuuuuu
2026-04-20 15:29:04,740 - INFO - Slug generated: madhu-test-madhuuuuu
2026-04-20 15:29:04,740 - INFO - Uploading file: IMG-20231011-WA0003.jpg
2026-04-20 15:29:04,740 - INFO - Uploading file: IMG-20240511-WA0006.jpg
2026-04-20 15:29:04,740 - INFO - Colors parsed: [{'color_code': '#FFFFFF', 'color_name': '#FFFFFF'}]
2026-04-20 15:29:04,740 - INFO - Product inserted successfully ID: 36
2026-04-20 15:29:04,748 - ERROR - ERROR: duplicate key value violates unique constraint "product_image_galleries_pkey"
DETAIL:  Key (id)=(20) already exists.

2026-04-20 15:29:05,738 - INFO - Product creation started: madhu test madhuuuuu
2026-04-20 15:29:05,738 - INFO - Slug generated: madhu-test-madhuuuuu
2026-04-20 15:29:05,738 - INFO - Uploading file: IMG-20231011-WA0003.jpg
2026-04-20 15:29:05,745 - INFO - Uploading file: IMG-20240511-WA0006.jpg
2026-04-20 15:29:05,745 - INFO - Colors parsed: [{'color_code': '#FFFFFF', 'color_name': '#FFFFFF'}]
2026-04-20 15:29:05,748 - INFO - Product inserted successfully ID: 37
2026-04-20 15:29:05,748 - ERROR - ERROR: duplicate key value violates unique constraint "product_image_galleries_pkey"
DETAIL:  Key (id)=(21) already exists.

2026-04-20 15:29:06,482 - INFO - Product creation started: madhu test madhuuuuu
2026-04-20 15:29:06,482 - INFO - Slug generated: madhu-test-madhuuuuu
2026-04-20 15:29:06,482 - INFO - Uploading file: IMG-20231011-WA0003.jpg
2026-04-20 15:29:06,482 - INFO - Uploading file: IMG-20240511-WA0006.jpg
2026-04-20 15:29:06,482 - INFO - Colors parsed: [{'color_code': '#FFFFFF', 'color_name': '#FFFFFF'}]
2026-04-20 15:29:06,488 - INFO - Product inserted successfully ID: 38
2026-04-20 15:29:06,490 - ERROR - ERROR: duplicate key value violates unique constraint "product_image_galleries_pkey"
DETAIL:  Key (id)=(22) already exists.

2026-04-20 15:29:07,347 - INFO - Product creation started: madhu test madhuuuuu
2026-04-20 15:29:07,347 - INFO - Slug generated: madhu-test-madhuuuuu
2026-04-20 15:29:07,347 - INFO - Uploading file: IMG-20231011-WA0003.jpg
2026-04-20 15:29:07,347 - INFO - Uploading file: IMG-20240511-WA0006.jpg
2026-04-20 15:29:07,347 - INFO - Colors parsed: [{'color_code': '#FFFFFF', 'color_name': '#FFFFFF'}]
2026-04-20 15:29:07,350 - INFO - Product inserted successfully ID: 39
2026-04-20 15:29:07,353 - ERROR - ERROR: duplicate key value violates unique constraint "product_image_galleries_pkey"
DETAIL:  Key (id)=(23) already exists.

2026-04-20 15:29:08,235 - INFO - Product creation started: madhu test madhuuuuu
2026-04-20 15:29:08,235 - INFO - Slug generated: madhu-test-madhuuuuu
2026-04-20 15:29:08,235 - INFO - Uploading file: IMG-20231011-WA0003.jpg
2026-04-20 15:29:08,235 - INFO - Uploading file: IMG-20240511-WA0006.jpg
2026-04-20 15:29:08,235 - INFO - Colors parsed: [{'color_code': '#FFFFFF', 'color_name': '#FFFFFF'}]
2026-04-20 15:29:08,240 - INFO - Product inserted successfully ID: 40
2026-04-20 15:29:08,242 - ERROR - ERROR: duplicate key value violates unique constraint "product_image_galleries_pkey"
DETAIL:  Key (id)=(24) already exists.

2026-04-20 15:29:09,062 - INFO - Product creation started: madhu test madhuuuuu
2026-04-20 15:29:09,062 - INFO - Slug generated: madhu-test-madhuuuuu
2026-04-20 15:29:09,062 - INFO - Uploading file: IMG-20231011-WA0003.jpg
2026-04-20 15:29:09,062 - INFO - Uploading file: IMG-20240511-WA0006.jpg
2026-04-20 15:29:09,062 - INFO - Colors parsed: [{'color_code': '#FFFFFF', 'color_name': '#FFFFFF'}]
2026-04-20 15:29:09,065 - INFO - Product inserted successfully ID: 41
2026-04-20 15:29:09,069 - ERROR - ERROR: duplicate key value violates unique constraint "product_image_galleries_pkey"
DETAIL:  Key (id)=(25) already exists.

2026-04-20 15:29:09,887 - INFO - Product creation started: madhu test madhuuuuu
2026-04-20 15:29:09,887 - INFO - Slug generated: madhu-test-madhuuuuu
2026-04-20 15:29:09,887 - INFO - Uploading file: IMG-20231011-WA0003.jpg
2026-04-20 15:29:09,888 - INFO - Uploading file: IMG-20240511-WA0006.jpg
2026-04-20 15:29:09,888 - INFO - Colors parsed: [{'color_code': '#FFFFFF', 'color_name': '#FFFFFF'}]
2026-04-20 15:29:09,890 - INFO - Product inserted successfully ID: 42
2026-04-20 15:29:09,892 - ERROR - ERROR: duplicate key value violates unique constraint "product_image_galleries_pkey"
DETAIL:  Key (id)=(26) already exists.

2026-04-20 15:29:10,626 - INFO - Product creation started: madhu test madhuuuuu
2026-04-20 15:29:10,626 - INFO - Slug generated: madhu-test-madhuuuuu
2026-04-20 15:29:10,626 - INFO - Uploading file: IMG-20231011-WA0003.jpg
2026-04-20 15:29:10,626 - INFO - Uploading file: IMG-20240511-WA0006.jpg
2026-04-20 15:29:10,626 - INFO - Colors parsed: [{'color_code': '#FFFFFF', 'color_name': '#FFFFFF'}]
2026-04-20 15:29:10,626 - INFO - Product inserted successfully ID: 43
2026-04-20 15:29:10,626 - ERROR - ERROR: duplicate key value violates unique constraint "product_image_galleries_pkey"
DETAIL:  Key (id)=(27) already exists.

2026-04-20 15:29:11,373 - INFO - Product creation started: madhu test madhuuuuu
2026-04-20 15:29:11,373 - INFO - Slug generated: madhu-test-madhuuuuu
2026-04-20 15:29:11,373 - INFO - Uploading file: IMG-20231011-WA0003.jpg
2026-04-20 15:29:11,373 - INFO - Uploading file: IMG-20240511-WA0006.jpg
2026-04-20 15:29:11,373 - INFO - Colors parsed: [{'color_code': '#FFFFFF', 'color_name': '#FFFFFF'}]
2026-04-20 15:29:11,373 - INFO - Product inserted successfully ID: 44
2026-04-20 15:29:11,373 - ERROR - ERROR: duplicate key value violates unique constraint "product_image_galleries_pkey"
DETAIL:  Key (id)=(28) already exists.

2026-04-20 15:29:12,085 - INFO - Product creation started: madhu test madhuuuuu
2026-04-20 15:29:12,085 - INFO - Slug generated: madhu-test-madhuuuuu
2026-04-20 15:29:12,088 - INFO - Uploading file: IMG-20231011-WA0003.jpg
2026-04-20 15:29:12,088 - INFO - Uploading file: IMG-20240511-WA0006.jpg
2026-04-20 15:29:12,089 - INFO - Colors parsed: [{'color_code': '#FFFFFF', 'color_name': '#FFFFFF'}]
2026-04-20 15:29:12,089 - INFO - Product inserted successfully ID: 45
2026-04-20 15:29:12,089 - ERROR - ERROR: duplicate key value violates unique constraint "product_image_galleries_pkey"
DETAIL:  Key (id)=(29) already exists.

2026-04-20 15:29:12,814 - INFO - Product creation started: madhu test madhuuuuu
2026-04-20 15:29:12,814 - INFO - Slug generated: madhu-test-madhuuuuu
2026-04-20 15:29:12,814 - INFO - Uploading file: IMG-20231011-WA0003.jpg
2026-04-20 15:29:12,814 - INFO - Uploading file: IMG-20240511-WA0006.jpg
2026-04-20 15:29:12,821 - INFO - Colors parsed: [{'color_code': '#FFFFFF', 'color_name': '#FFFFFF'}]
2026-04-20 15:29:12,821 - INFO - Product inserted successfully ID: 46
2026-04-20 15:29:12,821 - ERROR - ERROR: duplicate key value violates unique constraint "product_image_galleries_pkey"
DETAIL:  Key (id)=(30) already exists.

2026-04-20 15:29:14,073 - INFO - Product creation started: madhu test madhuuuuu
2026-04-20 15:29:14,073 - INFO - Slug generated: madhu-test-madhuuuuu
2026-04-20 15:29:14,073 - INFO - Uploading file: IMG-20231011-WA0003.jpg
2026-04-20 15:29:14,073 - INFO - Uploading file: IMG-20240511-WA0006.jpg
2026-04-20 15:29:14,073 - INFO - Colors parsed: [{'color_code': '#FFFFFF', 'color_name': '#FFFFFF'}]
2026-04-20 15:29:14,088 - INFO - Product inserted successfully ID: 47
2026-04-20 15:29:14,097 - INFO - Product created successfully
2026-04-20 15:29:14,923 - INFO - Product creation started: madhu test madhuuuuu
2026-04-20 15:29:14,923 - INFO - Slug generated: madhu-test-madhuuuuu
2026-04-20 15:29:14,923 - INFO - Uploading file: IMG-20231011-WA0003.jpg
2026-04-20 15:29:14,923 - INFO - Uploading file: IMG-20240511-WA0006.jpg
2026-04-20 15:29:14,929 - INFO - Colors parsed: [{'color_code': '#FFFFFF', 'color_name': '#FFFFFF'}]
2026-04-20 15:29:14,931 - INFO - Product inserted successfully ID: 48
2026-04-20 15:29:14,931 - INFO - Product created successfully
2026-04-20 15:29:15,815 - INFO - Product creation started: madhu test madhuuuuu
2026-04-20 15:29:15,815 - INFO - Slug generated: madhu-test-madhuuuuu
2026-04-20 15:29:15,815 - INFO - Uploading file: IMG-20231011-WA0003.jpg
2026-04-20 15:29:15,815 - INFO - Uploading file: IMG-20240511-WA0006.jpg
2026-04-20 15:29:15,815 - INFO - Colors parsed: [{'color_code': '#FFFFFF', 'color_name': '#FFFFFF'}]
2026-04-20 15:29:15,818 - INFO - Product inserted successfully ID: 49
2026-04-20 15:29:15,822 - INFO - Product created successfully
2026-04-20 15:29:16,488 - INFO - Product creation started: madhu test madhuuuuu
2026-04-20 15:29:16,488 - INFO - Slug generated: madhu-test-madhuuuuu
2026-04-20 15:29:16,488 - INFO - Uploading file: IMG-20231011-WA0003.jpg
2026-04-20 15:29:16,488 - INFO - Uploading file: IMG-20240511-WA0006.jpg
2026-04-20 15:29:16,488 - INFO - Colors parsed: [{'color_code': '#FFFFFF', 'color_name': '#FFFFFF'}]
2026-04-20 15:29:16,490 - INFO - Product inserted successfully ID: 50
2026-04-20 15:29:16,502 - INFO - Product created successfully
2026-04-20 15:29:17,080 - INFO - Product creation started: madhu test madhuuuuu
2026-04-20 15:29:17,080 - INFO - Slug generated: madhu-test-madhuuuuu
2026-04-20 15:29:17,080 - INFO - Uploading file: IMG-20231011-WA0003.jpg
2026-04-20 15:29:17,080 - INFO - Uploading file: IMG-20240511-WA0006.jpg
2026-04-20 15:29:17,080 - INFO - Colors parsed: [{'color_code': '#FFFFFF', 'color_name': '#FFFFFF'}]
2026-04-20 15:29:17,083 - INFO - Product inserted successfully ID: 51
2026-04-20 15:29:17,093 - INFO - Product created successfully
2026-04-20 15:29:17,593 - INFO - Product creation started: madhu test madhuuuuu
2026-04-20 15:29:17,593 - INFO - Slug generated: madhu-test-madhuuuuu
2026-04-20 15:29:17,593 - INFO - Uploading file: IMG-20231011-WA0003.jpg
2026-04-20 15:29:17,602 - INFO - Uploading file: IMG-20240511-WA0006.jpg
2026-04-20 15:29:17,602 - INFO - Colors parsed: [{'color_code': '#FFFFFF', 'color_name': '#FFFFFF'}]
2026-04-20 15:29:17,602 - INFO - Product inserted successfully ID: 52
2026-04-20 15:29:17,606 - INFO - Product created successfully
2026-04-20 15:29:17,805 - INFO - Product creation started: madhu test madhuuuuu
2026-04-20 15:29:17,805 - INFO - Slug generated: madhu-test-madhuuuuu
2026-04-20 15:29:17,805 - INFO - Uploading file: IMG-20231011-WA0003.jpg
2026-04-20 15:29:17,805 - INFO - Uploading file: IMG-20240511-WA0006.jpg
2026-04-20 15:29:17,806 - INFO - Colors parsed: [{'color_code': '#FFFFFF', 'color_name': '#FFFFFF'}]
2026-04-20 15:29:17,808 - INFO - Product inserted successfully ID: 53
2026-04-20 15:29:17,818 - INFO - Product created successfully
2026-04-20 15:29:17,970 - INFO - Product creation started: madhu test madhuuuuu
2026-04-20 15:29:17,970 - INFO - Slug generated: madhu-test-madhuuuuu
2026-04-20 15:29:17,970 - INFO - Uploading file: IMG-20231011-WA0003.jpg
2026-04-20 15:29:17,970 - INFO - Uploading file: IMG-20240511-WA0006.jpg
2026-04-20 15:29:17,970 - INFO - Colors parsed: [{'color_code': '#FFFFFF', 'color_name': '#FFFFFF'}]
2026-04-20 15:29:17,975 - INFO - Product inserted successfully ID: 54
2026-04-20 15:29:17,976 - INFO - Product created successfully
2026-04-20 15:29:18,255 - INFO - Product creation started: madhu test madhuuuuu
2026-04-20 15:29:18,255 - INFO - Slug generated: madhu-test-madhuuuuu
2026-04-20 15:29:18,256 - INFO - Uploading file: IMG-20231011-WA0003.jpg
2026-04-20 15:29:18,256 - INFO - Uploading file: IMG-20240511-WA0006.jpg
2026-04-20 15:29:18,256 - INFO - Colors parsed: [{'color_code': '#FFFFFF', 'color_name': '#FFFFFF'}]
2026-04-20 15:29:18,258 - INFO - Product inserted successfully ID: 55
2026-04-20 15:29:18,270 - INFO - Product created successfully
2026-04-20 15:29:18,491 - INFO - Product creation started: madhu test madhuuuuu
2026-04-20 15:29:18,491 - INFO - Slug generated: madhu-test-madhuuuuu
2026-04-20 15:29:18,491 - INFO - Uploading file: IMG-20231011-WA0003.jpg
2026-04-20 15:29:18,494 - INFO - Uploading file: IMG-20240511-WA0006.jpg
2026-04-20 15:29:18,495 - INFO - Colors parsed: [{'color_code': '#FFFFFF', 'color_name': '#FFFFFF'}]
2026-04-20 15:29:18,497 - INFO - Product inserted successfully ID: 56
2026-04-20 15:29:18,502 - INFO - Product created successfully
2026-04-20 15:29:18,651 - INFO - Product creation started: madhu test madhuuuuu
2026-04-20 15:29:18,655 - INFO - Slug generated: madhu-test-madhuuuuu
2026-04-20 15:29:18,655 - INFO - Uploading file: IMG-20231011-WA0003.jpg
2026-04-20 15:29:18,655 - INFO - Uploading file: IMG-20240511-WA0006.jpg
2026-04-20 15:29:18,655 - INFO - Colors parsed: [{'color_code': '#FFFFFF', 'color_name': '#FFFFFF'}]
2026-04-20 15:29:18,660 - INFO - Product inserted successfully ID: 57
2026-04-20 15:29:18,669 - INFO - Product created successfully
2026-04-20 15:29:18,815 - INFO - Product creation started: madhu test madhuuuuu
2026-04-20 15:29:18,815 - INFO - Slug generated: madhu-test-madhuuuuu
2026-04-20 15:29:18,815 - INFO - Uploading file: IMG-20231011-WA0003.jpg
2026-04-20 15:29:18,816 - INFO - Uploading file: IMG-20240511-WA0006.jpg
2026-04-20 15:29:18,816 - INFO - Colors parsed: [{'color_code': '#FFFFFF', 'color_name': '#FFFFFF'}]
2026-04-20 15:29:18,819 - INFO - Product inserted successfully ID: 58
2026-04-20 15:29:18,822 - ERROR - ERROR: duplicate key value violates unique constraint "product_colors_pkey"
DETAIL:  Key (id)=(17) already exists.

2026-04-20 15:29:19,009 - INFO - Product creation started: madhu test madhuuuuu
2026-04-20 15:29:19,009 - INFO - Slug generated: madhu-test-madhuuuuu
2026-04-20 15:29:19,009 - INFO - Uploading file: IMG-20231011-WA0003.jpg
2026-04-20 15:29:19,009 - INFO - Uploading file: IMG-20240511-WA0006.jpg
2026-04-20 15:29:19,011 - INFO - Colors parsed: [{'color_code': '#FFFFFF', 'color_name': '#FFFFFF'}]
2026-04-20 15:29:19,011 - INFO - Product inserted successfully ID: 59
2026-04-20 15:29:19,011 - ERROR - ERROR: duplicate key value violates unique constraint "product_colors_pkey"
DETAIL:  Key (id)=(18) already exists.

2026-04-20 15:29:19,171 - INFO - Product creation started: madhu test madhuuuuu
2026-04-20 15:29:19,171 - INFO - Slug generated: madhu-test-madhuuuuu
2026-04-20 15:29:19,171 - INFO - Uploading file: IMG-20231011-WA0003.jpg
2026-04-20 15:29:19,171 - INFO - Uploading file: IMG-20240511-WA0006.jpg
2026-04-20 15:29:19,171 - INFO - Colors parsed: [{'color_code': '#FFFFFF', 'color_name': '#FFFFFF'}]
2026-04-20 15:29:19,175 - INFO - Product inserted successfully ID: 60
2026-04-20 15:29:19,175 - ERROR - ERROR: duplicate key value violates unique constraint "product_colors_pkey"
DETAIL:  Key (id)=(19) already exists.

2026-04-20 15:29:19,356 - INFO - Product creation started: madhu test madhuuuuu
2026-04-20 15:29:19,356 - INFO - Slug generated: madhu-test-madhuuuuu
2026-04-20 15:29:19,356 - INFO - Uploading file: IMG-20231011-WA0003.jpg
2026-04-20 15:29:19,358 - INFO - Uploading file: IMG-20240511-WA0006.jpg
2026-04-20 15:29:19,358 - INFO - Colors parsed: [{'color_code': '#FFFFFF', 'color_name': '#FFFFFF'}]
2026-04-20 15:29:19,358 - INFO - Product inserted successfully ID: 61
2026-04-20 15:29:19,363 - ERROR - ERROR: duplicate key value violates unique constraint "product_colors_pkey"
DETAIL:  Key (id)=(20) already exists.

2026-04-20 15:29:19,503 - INFO - Product creation started: madhu test madhuuuuu
2026-04-20 15:29:19,507 - INFO - Slug generated: madhu-test-madhuuuuu
2026-04-20 15:29:19,507 - INFO - Uploading file: IMG-20231011-WA0003.jpg
2026-04-20 15:29:19,508 - INFO - Uploading file: IMG-20240511-WA0006.jpg
2026-04-20 15:29:19,508 - INFO - Colors parsed: [{'color_code': '#FFFFFF', 'color_name': '#FFFFFF'}]
2026-04-20 15:29:19,508 - INFO - Product inserted successfully ID: 62
2026-04-20 15:29:19,519 - ERROR - ERROR: duplicate key value violates unique constraint "product_colors_pkey"
DETAIL:  Key (id)=(21) already exists.

2026-04-20 15:29:19,848 - INFO - Product creation started: madhu test madhuuuuu
2026-04-20 15:29:19,848 - INFO - Slug generated: madhu-test-madhuuuuu
2026-04-20 15:29:19,848 - INFO - Uploading file: IMG-20231011-WA0003.jpg
2026-04-20 15:29:19,848 - INFO - Uploading file: IMG-20240511-WA0006.jpg
2026-04-20 15:29:19,848 - INFO - Colors parsed: [{'color_code': '#FFFFFF', 'color_name': '#FFFFFF'}]
2026-04-20 15:29:19,848 - INFO - Product inserted successfully ID: 63
2026-04-20 15:29:19,848 - ERROR - ERROR: duplicate key value violates unique constraint "product_colors_pkey"
DETAIL:  Key (id)=(22) already exists.

2026-04-20 15:51:18,254 - INFO - Product creation started: madhu test madhuuuuu
2026-04-20 15:51:18,254 - INFO - Slug generated: madhu-test-madhuuuuu
2026-04-20 15:51:18,254 - INFO - Uploading file: IMG-20231011-WA0003.jpg
2026-04-20 15:51:18,255 - INFO - Uploading file: IMG-20240511-WA0006.jpg
2026-04-20 15:51:18,255 - INFO - Colors parsed: [{'color_code': '#FFFFFF', 'color_name': '#FFFFFF'}]
2026-04-20 15:51:18,266 - INFO - Product inserted successfully ID: 64
2026-04-20 15:51:18,272 - ERROR - ERROR: duplicate key value violates unique constraint "product_colors_pkey"
DETAIL:  Key (id)=(23) already exists.

2026-04-20 15:51:19,885 - INFO - Product creation started: madhu test madhuuuuu
2026-04-20 15:51:19,885 - INFO - Slug generated: madhu-test-madhuuuuu
2026-04-20 15:51:19,885 - INFO - Uploading file: IMG-20231011-WA0003.jpg
2026-04-20 15:51:19,886 - INFO - Uploading file: IMG-20240511-WA0006.jpg
2026-04-20 15:51:19,887 - INFO - Colors parsed: [{'color_code': '#FFFFFF', 'color_name': '#FFFFFF'}]
2026-04-20 15:51:19,889 - INFO - Product inserted successfully ID: 65
2026-04-20 15:51:19,892 - ERROR - ERROR: duplicate key value violates unique constraint "product_colors_pkey"
DETAIL:  Key (id)=(24) already exists.

2026-04-20 15:51:20,906 - INFO - Product creation started: madhu test madhuuuuu
2026-04-20 15:51:20,906 - INFO - Slug generated: madhu-test-madhuuuuu
2026-04-20 15:51:20,906 - INFO - Uploading file: IMG-20231011-WA0003.jpg
2026-04-20 15:51:20,907 - INFO - Uploading file: IMG-20240511-WA0006.jpg
2026-04-20 15:51:20,909 - INFO - Colors parsed: [{'color_code': '#FFFFFF', 'color_name': '#FFFFFF'}]
2026-04-20 15:51:20,912 - INFO - Product inserted successfully ID: 66
2026-04-20 15:51:20,913 - ERROR - ERROR: duplicate key value violates unique constraint "product_colors_pkey"
DETAIL:  Key (id)=(25) already exists.

2026-04-20 15:51:21,782 - INFO - Product creation started: madhu test madhuuuuu
2026-04-20 15:51:21,782 - INFO - Slug generated: madhu-test-madhuuuuu
2026-04-20 15:51:21,782 - INFO - Uploading file: IMG-20231011-WA0003.jpg
2026-04-20 15:51:21,783 - INFO - Uploading file: IMG-20240511-WA0006.jpg
2026-04-20 15:51:21,784 - INFO - Colors parsed: [{'color_code': '#FFFFFF', 'color_name': '#FFFFFF'}]
2026-04-20 15:51:21,787 - INFO - Product inserted successfully ID: 67
2026-04-20 15:51:21,789 - ERROR - ERROR: duplicate key value violates unique constraint "product_colors_pkey"
DETAIL:  Key (id)=(26) already exists.

2026-04-20 15:51:22,601 - INFO - Product creation started: madhu test madhuuuuu
2026-04-20 15:51:22,601 - INFO - Slug generated: madhu-test-madhuuuuu
2026-04-20 15:51:22,602 - INFO - Uploading file: IMG-20231011-WA0003.jpg
2026-04-20 15:51:22,603 - INFO - Uploading file: IMG-20240511-WA0006.jpg
2026-04-20 15:51:22,604 - INFO - Colors parsed: [{'color_code': '#FFFFFF', 'color_name': '#FFFFFF'}]
2026-04-20 15:51:22,607 - INFO - Product inserted successfully ID: 68
2026-04-20 15:51:22,611 - ERROR - ERROR: duplicate key value violates unique constraint "product_colors_pkey"
DETAIL:  Key (id)=(27) already exists.

2026-04-20 15:51:23,418 - INFO - Product creation started: madhu test madhuuuuu
2026-04-20 15:51:23,418 - INFO - Slug generated: madhu-test-madhuuuuu
2026-04-20 15:51:23,419 - INFO - Uploading file: IMG-20231011-WA0003.jpg
2026-04-20 15:51:23,420 - INFO - Uploading file: IMG-20240511-WA0006.jpg
2026-04-20 15:51:23,421 - INFO - Colors parsed: [{'color_code': '#FFFFFF', 'color_name': '#FFFFFF'}]
2026-04-20 15:51:23,423 - INFO - Product inserted successfully ID: 69
2026-04-20 15:51:23,427 - ERROR - ERROR: duplicate key value violates unique constraint "product_colors_pkey"
DETAIL:  Key (id)=(28) already exists.

2026-04-20 15:51:24,617 - INFO - Product creation started: madhu test madhuuuuu
2026-04-20 15:51:24,618 - INFO - Slug generated: madhu-test-madhuuuuu
2026-04-20 15:51:24,618 - INFO - Uploading file: IMG-20231011-WA0003.jpg
2026-04-20 15:51:24,620 - INFO - Uploading file: IMG-20240511-WA0006.jpg
2026-04-20 15:51:24,622 - INFO - Colors parsed: [{'color_code': '#FFFFFF', 'color_name': '#FFFFFF'}]
2026-04-20 15:51:24,625 - INFO - Product inserted successfully ID: 70
2026-04-20 15:51:24,629 - ERROR - ERROR: duplicate key value violates unique constraint "product_colors_pkey"
DETAIL:  Key (id)=(29) already exists.

2026-04-20 15:51:25,635 - INFO - Product creation started: madhu test madhuuuuu
2026-04-20 15:51:25,635 - INFO - Slug generated: madhu-test-madhuuuuu
2026-04-20 15:51:25,635 - INFO - Uploading file: IMG-20231011-WA0003.jpg
2026-04-20 15:51:25,636 - INFO - Uploading file: IMG-20240511-WA0006.jpg
2026-04-20 15:51:25,637 - INFO - Colors parsed: [{'color_code': '#FFFFFF', 'color_name': '#FFFFFF'}]
2026-04-20 15:51:25,639 - INFO - Product inserted successfully ID: 71
2026-04-20 15:51:25,641 - ERROR - ERROR: duplicate key value violates unique constraint "product_colors_pkey"
DETAIL:  Key (id)=(30) already exists.

2026-04-20 15:51:26,389 - INFO - Product creation started: madhu test madhuuuuu
2026-04-20 15:51:26,389 - INFO - Slug generated: madhu-test-madhuuuuu
2026-04-20 15:51:26,391 - INFO - Uploading file: IMG-20231011-WA0003.jpg
2026-04-20 15:51:26,392 - INFO - Uploading file: IMG-20240511-WA0006.jpg
2026-04-20 15:51:26,393 - INFO - Colors parsed: [{'color_code': '#FFFFFF', 'color_name': '#FFFFFF'}]
2026-04-20 15:51:26,394 - INFO - Product inserted successfully ID: 72
2026-04-20 15:51:26,395 - ERROR - ERROR: duplicate key value violates unique constraint "product_colors_pkey"
DETAIL:  Key (id)=(31) already exists.

2026-04-20 15:51:27,169 - INFO - Product creation started: madhu test madhuuuuu
2026-04-20 15:51:27,169 - INFO - Slug generated: madhu-test-madhuuuuu
2026-04-20 15:51:27,170 - INFO - Uploading file: IMG-20231011-WA0003.jpg
2026-04-20 15:51:27,172 - INFO - Uploading file: IMG-20240511-WA0006.jpg
2026-04-20 15:51:27,172 - INFO - Colors parsed: [{'color_code': '#FFFFFF', 'color_name': '#FFFFFF'}]
2026-04-20 15:51:27,173 - INFO - Product inserted successfully ID: 73
2026-04-20 15:51:27,176 - ERROR - ERROR: duplicate key value violates unique constraint "product_colors_pkey"
DETAIL:  Key (id)=(32) already exists.

2026-04-20 15:51:27,870 - INFO - Product creation started: madhu test madhuuuuu
2026-04-20 15:51:27,870 - INFO - Slug generated: madhu-test-madhuuuuu
2026-04-20 15:51:27,871 - INFO - Uploading file: IMG-20231011-WA0003.jpg
2026-04-20 15:51:27,872 - INFO - Uploading file: IMG-20240511-WA0006.jpg
2026-04-20 15:51:27,873 - INFO - Colors parsed: [{'color_code': '#FFFFFF', 'color_name': '#FFFFFF'}]
2026-04-20 15:51:27,875 - INFO - Product inserted successfully ID: 74
2026-04-20 15:51:27,880 - INFO - Product created successfully
2026-04-20 16:12:03,162 - INFO - Product creation started: Amazon
2026-04-20 16:12:03,167 - INFO - Slug generated: amazon
2026-04-20 16:12:03,167 - INFO - Uploading file: IMG-20231011-WA0003.jpg
2026-04-20 16:12:03,167 - INFO - Uploading file: Snapchat-967139692.jpg
2026-04-20 16:12:03,167 - INFO - Colors parsed: [{'color_code': '#FFFFFF', 'color_name': '#FFFFFF'}]
2026-04-20 16:12:03,185 - INFO - Product inserted successfully ID: 75
2026-04-20 16:12:03,187 - INFO - Product created successfully
2026-04-20 16:17:14,966 - INFO - Product creation started: Amazon
2026-04-20 16:17:14,966 - INFO - Slug generated: amazon
2026-04-20 16:17:14,967 - INFO - Uploading file: IMG-20231011-WA0003.jpg
2026-04-20 16:17:14,967 - INFO - Uploading file: Snapchat-967139692.jpg
2026-04-20 16:17:14,968 - INFO - Colors parsed: [{'color_code': '#FFFFFF', 'color_name': '#FFFFFF'}]
2026-04-20 16:17:14,979 - INFO - Product inserted successfully ID: 76
2026-04-20 16:17:14,997 - INFO - Product created successfully
2026-04-20 16:33:40,728 - INFO - Product creation started: Amazon
2026-04-20 16:33:40,728 - INFO - Slug generated: amazon
2026-04-20 16:33:40,728 - INFO - Uploading file: IMG-20231011-WA0003.jpg
2026-04-20 16:33:40,729 - INFO - Uploading file: Snapchat-967139692.jpg
2026-04-20 16:33:40,729 - INFO - Colors parsed: [{'color_code': '#FFFFFF', 'color_name': '#FFFFFF'}]
2026-04-20 16:33:40,732 - ERROR - ERROR: duplicate key value violates unique constraint "unique_product_name"
DETAIL:  Key (name)=(Amazon) already exists.

2026-04-20 16:33:46,363 - INFO - Product creation started: Amazon
2026-04-20 16:33:46,363 - INFO - Slug generated: amazon
2026-04-20 16:33:46,363 - INFO - Uploading file: IMG-20231011-WA0003.jpg
2026-04-20 16:33:46,363 - INFO - Uploading file: Snapchat-967139692.jpg
2026-04-20 16:33:46,365 - INFO - Colors parsed: [{'color_code': '#FFFFFF', 'color_name': '#FFFFFF'}]
2026-04-20 16:33:46,367 - ERROR - ERROR: duplicate key value violates unique constraint "unique_product_name"
DETAIL:  Key (name)=(Amazon) already exists.

2026-04-20 16:33:50,200 - INFO - Product creation started: Amazon
2026-04-20 16:33:50,200 - INFO - Slug generated: amazon
2026-04-20 16:33:50,200 - INFO - Uploading file: IMG-20231011-WA0003.jpg
2026-04-20 16:33:50,200 - INFO - Uploading file: Snapchat-967139692.jpg
2026-04-20 16:33:50,203 - INFO - Colors parsed: [{'color_code': '#FFFFFF', 'color_name': '#FFFFFF'}]
2026-04-20 16:33:50,204 - ERROR - ERROR: duplicate key value violates unique constraint "unique_product_name"
DETAIL:  Key (name)=(Amazon) already exists.

2026-04-20 16:33:59,222 - INFO - Product creation started: Amazon1
2026-04-20 16:33:59,222 - INFO - Slug generated: amazon1
2026-04-20 16:33:59,222 - INFO - Uploading file: IMG-20231011-WA0003.jpg
2026-04-20 16:33:59,222 - INFO - Uploading file: Snapchat-967139692.jpg
2026-04-20 16:33:59,222 - INFO - Colors parsed: [{'color_code': '#FFFFFF', 'color_name': '#FFFFFF'}]
2026-04-20 16:33:59,225 - INFO - Product inserted successfully ID: 80
2026-04-20 16:33:59,227 - INFO - Product created successfully
2026-04-20 16:34:52,163 - INFO - Product creation started: Amazon1
2026-04-20 16:34:52,163 - INFO - Slug generated: amazon1
2026-04-20 16:34:52,163 - INFO - Uploading file: IMG-20231011-WA0003.jpg
2026-04-20 16:34:52,163 - INFO - Uploading file: Snapchat-967139692.jpg
2026-04-20 16:34:52,163 - INFO - Colors parsed: [{'color_code': '#FFFFFF', 'color_name': '#FFFFFF'}]
2026-04-20 16:34:52,167 - ERROR - ERROR: duplicate key value violates unique constraint "unique_product_name"
DETAIL:  Key (name)=(Amazon1) already exists.

2026-04-20 16:34:53,328 - INFO - Product creation started: Amazon1
2026-04-20 16:34:53,328 - INFO - Slug generated: amazon1
2026-04-20 16:34:53,328 - INFO - Uploading file: IMG-20231011-WA0003.jpg
2026-04-20 16:34:53,329 - INFO - Uploading file: Snapchat-967139692.jpg
2026-04-20 16:34:53,330 - INFO - Colors parsed: [{'color_code': '#FFFFFF', 'color_name': '#FFFFFF'}]
2026-04-20 16:34:53,332 - ERROR - ERROR: duplicate key value violates unique constraint "unique_product_name"
DETAIL:  Key (name)=(Amazon1) already exists.

2026-04-20 16:35:01,315 - INFO - Product creation started: Amazon2
2026-04-20 16:35:01,315 - INFO - Slug generated: amazon2
2026-04-20 16:35:01,315 - INFO - Uploading file: IMG-20231011-WA0003.jpg
2026-04-20 16:35:01,315 - INFO - Uploading file: Snapchat-967139692.jpg
2026-04-20 16:35:01,319 - INFO - Colors parsed: [{'color_code': '#FFFFFF', 'color_name': '#FFFFFF'}]
2026-04-20 16:35:01,319 - INFO - Product inserted successfully ID: 83
2026-04-20 16:35:01,334 - INFO - Product created successfully
2026-04-20 16:43:37,473 - INFO - Product creation started: Amazonnn
2026-04-20 16:43:37,473 - INFO - Slug generated: amazonnn
2026-04-20 16:43:37,473 - INFO - Uploading file: IMG-20231011-WA0003.jpg
2026-04-20 16:43:37,473 - INFO - Uploading file: Snapchat-967139692.jpg
2026-04-20 16:43:37,473 - INFO - Colors parsed: [{'color_code': '#FFFFFF', 'color_name': '#FFFFFF'}]
2026-04-20 16:43:37,480 - INFO - Product inserted successfully ID: 84
2026-04-20 16:43:37,492 - INFO - Product created successfully
2026-04-20 17:03:59,290 - INFO - Product creation started: Amazonnn
2026-04-20 17:03:59,290 - INFO - Slug generated: amazonnn
2026-04-20 17:03:59,306 - INFO - Uploading file: doraemon-cute-vector-illustration-2WCGY52.jpg
2026-04-20 17:03:59,306 - INFO - Uploading file: download.jpg
2026-04-20 17:03:59,306 - INFO - Colors parsed: [{'color_code': '#FFFFFF', 'color_name': '#FFFFFF'}]
2026-04-20 17:03:59,306 - ERROR - ERROR: duplicate key value violates unique constraint "unique_product_name"
DETAIL:  Key (name)=(Amazonnn) already exists.

2026-04-20 17:04:09,830 - INFO - Product creation started: Amazo
2026-04-20 17:04:09,830 - INFO - Slug generated: amazo
2026-04-20 17:04:09,830 - INFO - Uploading file: doraemon-cute-vector-illustration-2WCGY52.jpg
2026-04-20 17:04:09,830 - INFO - Uploading file: download.jpg
2026-04-20 17:04:09,830 - INFO - Colors parsed: [{'color_code': '#FFFFFF', 'color_name': '#FFFFFF'}]
2026-04-20 17:04:09,830 - INFO - Product inserted successfully ID: 86
2026-04-20 17:04:09,846 - INFO - Product created successfully
2026-04-20 17:49:02,102 - INFO - Product creation started: Amaz
2026-04-20 17:49:02,102 - INFO - Slug generated: amaz
2026-04-20 17:49:02,103 - INFO - Uploading file: doraemon-cute-vector-illustration-2WCGY52.jpg
2026-04-20 17:49:02,104 - INFO - Uploading file: download.jpg
2026-04-20 17:49:02,105 - INFO - Colors parsed: [{'color_code': '#FFFFFF', 'color_name': '#FFFFFF'}]
2026-04-20 17:49:02,112 - INFO - Product inserted successfully ID: 87
2026-04-20 17:49:02,117 - INFO - Product created successfully
2026-04-20 17:54:04,316 - INFO - Product creation started: Ama
2026-04-20 17:54:04,316 - INFO - Slug generated: ama
2026-04-20 17:54:04,317 - INFO - Uploading file: doraemon-cute-vector-illustration-2WCGY52.jpg
2026-04-20 17:54:04,317 - INFO - Uploading file: download.jpg
2026-04-20 17:54:04,318 - INFO - Colors parsed: [{'color_code': '#FFFFFF', 'color_name': '#FFFFFF'}]
2026-04-20 17:54:04,323 - INFO - Product inserted successfully ID: 88
2026-04-20 17:54:04,326 - INFO - Product created successfully
2026-04-20 18:00:55,775 - INFO - Product creation started: Am
2026-04-20 18:00:55,775 - INFO - Slug generated: am
2026-04-20 18:00:55,775 - INFO - Uploading file: doraemon-cute-vector-illustration-2WCGY52.jpg
2026-04-20 18:00:55,776 - INFO - Uploading file: download.jpg
2026-04-20 18:00:55,777 - INFO - Colors parsed: [{'color_code': '#FFFFFF', 'color_name': '#FFFFFF'}]
2026-04-20 18:00:55,780 - INFO - Product inserted successfully ID: 89
2026-04-20 18:00:55,784 - INFO - Product created successfully
2026-04-20 18:04:19,198 - INFO - Product creation started: A
2026-04-20 18:04:19,199 - INFO - Slug generated: a
2026-04-20 18:04:19,199 - INFO - Uploading file: doraemon-cute-vector-illustration-2WCGY52.jpg
2026-04-20 18:04:19,201 - INFO - Uploading file: download.jpg
2026-04-20 18:04:19,203 - INFO - Colors parsed: [{'color_code': '#FFFFFF', 'color_name': '#FFFFFF'}]
2026-04-20 18:04:19,207 - INFO - Product inserted successfully ID: 90
2026-04-20 18:04:19,215 - INFO - Product created successfully
2026-04-21 10:16:20,385 - INFO - Product creation started: madhureddy
2026-04-21 10:16:20,385 - INFO - Slug generated: madhureddy
2026-04-21 10:16:20,385 - INFO - Uploading file: download.jpg
2026-04-21 10:16:20,390 - INFO - Uploading file: images.png
2026-04-21 10:16:20,390 - INFO - Colors parsed: [{'color_code': '#FFFFFF', 'color_name': '#FFFFFF'}]
2026-04-21 10:16:20,402 - INFO - Product inserted successfully ID: 91
2026-04-21 10:16:20,418 - INFO - Product created successfully
2026-04-21 10:42:36,456 - INFO - Product creation started: madhureddyy
2026-04-21 10:42:36,456 - INFO - Slug generated: madhureddyy
2026-04-21 10:42:36,456 - INFO - Uploading file: download.jpg
2026-04-21 10:42:36,460 - INFO - Uploading file: images.png
2026-04-21 10:42:36,462 - INFO - Colors parsed: [{'color_code': '#FFFFFF', 'color_name': '#FFFFFF'}]
2026-04-21 10:42:36,480 - INFO - Product inserted successfully ID: 92
2026-04-21 10:42:36,487 - INFO - Product created successfully
2026-04-21 10:47:40,494 - INFO - Product creation started: madhureddyyy
2026-04-21 10:47:40,494 - INFO - Slug generated: madhureddyyy
2026-04-21 10:47:40,494 - INFO - Uploading file: download.jpg
2026-04-21 10:47:40,494 - INFO - Uploading file: images.png
2026-04-21 10:47:40,500 - INFO - Colors parsed: [{'color_code': '#FFFFFF', 'color_name': '#FFFFFF'}]
2026-04-21 10:47:40,503 - INFO - Product inserted successfully ID: 93
2026-04-21 10:47:40,506 - INFO - Product created successfully
2026-04-21 10:48:56,384 - INFO - Product creation started: madhureddyyyy
2026-04-21 10:48:56,384 - INFO - Slug generated: madhureddyyyy
2026-04-21 10:48:56,384 - INFO - Uploading file: download.jpg
2026-04-21 10:48:56,385 - INFO - Uploading file: images.png
2026-04-21 10:48:56,386 - INFO - Colors parsed: [{'color_code': '#FFFFFF', 'color_name': '#FFFFFF'}]
2026-04-21 10:48:56,387 - INFO - Product inserted successfully ID: 94
2026-04-21 10:48:56,387 - INFO - Product created successfully
2026-04-21 11:19:38,156 - INFO - Product creation started: gettha
2026-04-21 11:19:38,156 - INFO - Slug generated: gettha
2026-04-21 11:19:38,156 - INFO - Uploading file: images.jpg
2026-04-21 11:19:38,156 - INFO - Uploading file: download.jpg
2026-04-21 11:19:38,156 - INFO - Colors: ['#FFFFFF,#FFFFFF']
2026-04-21 11:19:38,161 - INFO - Product inserted successfully ID: 96
2026-04-21 11:19:38,161 - ERROR - ERROR: string indices must be integers, not 'str'
2026-04-21 11:20:54,506 - INFO - Product creation started: gettha
2026-04-21 11:20:54,506 - INFO - Slug generated: gettha
2026-04-21 11:20:54,506 - INFO - Uploading file: images.jpg
2026-04-21 11:20:54,506 - INFO - Uploading file: download.jpg
2026-04-21 11:20:54,512 - INFO - Colors: ['#FFFFFF,#FFFFFF']
2026-04-21 11:20:54,515 - INFO - Product inserted successfully ID: 97
2026-04-21 11:20:54,516 - ERROR - ERROR: string indices must be integers, not 'str'
2026-04-21 11:22:21,386 - INFO - Product creation started: gettha
2026-04-21 11:22:21,386 - INFO - Slug generated: gettha
2026-04-21 11:22:21,386 - INFO - Uploading file: images.jpg
2026-04-21 11:22:21,386 - INFO - Uploading file: download.jpg
2026-04-21 11:22:21,386 - INFO - Colors: ['#FFFFFF,#FF0000']
2026-04-21 11:22:21,392 - INFO - Product inserted successfully ID: 98
2026-04-21 11:22:21,396 - ERROR - ERROR: string indices must be integers, not 'str'
2026-04-21 11:22:34,178 - INFO - Product creation started: gettha
2026-04-21 11:22:34,178 - INFO - Slug generated: gettha
2026-04-21 11:22:34,178 - INFO - Uploading file: images.jpg
2026-04-21 11:22:34,178 - INFO - Uploading file: download.jpg
2026-04-21 11:22:34,185 - INFO - Colors: ['"#FFFFFF","#FF0000"']
2026-04-21 11:22:34,188 - INFO - Product inserted successfully ID: 99
2026-04-21 11:22:34,190 - ERROR - ERROR: string indices must be integers, not 'str'
2026-04-21 11:25:59,061 - INFO - Product creation started: geethaaaaa
2026-04-21 11:25:59,063 - INFO - Slug generated: geethaaaaa
2026-04-21 11:25:59,063 - INFO - Uploading file: images.jpg
2026-04-21 11:25:59,063 - INFO - Uploading file: download.jpg
2026-04-21 11:25:59,063 - INFO - Colors: ['"#FFFFFF","#FF0000"']
2026-04-21 11:25:59,072 - INFO - Product inserted successfully ID: 100
2026-04-21 11:25:59,076 - ERROR - ERROR: tuple index out of range
2026-04-21 11:27:03,361 - INFO - Product creation started: geethaaaaa
2026-04-21 11:27:03,361 - INFO - Slug generated: geethaaaaa
2026-04-21 11:27:03,362 - INFO - Uploading file: images.jpg
2026-04-21 11:27:03,362 - INFO - Uploading file: download.jpg
2026-04-21 11:27:03,363 - INFO - Colors: ['"#FFFFFF","#FF0000"']
2026-04-21 11:27:03,364 - INFO - Product inserted successfully ID: 101
2026-04-21 11:27:03,364 - ERROR - ERROR: tuple index out of range
2026-04-21 11:27:19,817 - INFO - Product creation started: geethaaaaa
2026-04-21 11:27:19,817 - INFO - Slug generated: geethaaaaa
2026-04-21 11:27:19,817 - INFO - Uploading file: images.jpg
2026-04-21 11:27:19,817 - INFO - Uploading file: download.jpg
2026-04-21 11:27:19,817 - INFO - Colors: ['#FFFFFF,#FF0000']
2026-04-21 11:27:19,822 - INFO - Product inserted successfully ID: 102
2026-04-21 11:27:19,825 - INFO - Product created successfully
2026-04-21 11:55:29,680 - INFO - Product creation started: geethaaaaaaaa
2026-04-21 11:55:29,680 - INFO - Slug generated: geethaaaaaaaa
2026-04-21 11:55:29,681 - INFO - Uploading file: images.jpg
2026-04-21 11:55:29,681 - INFO - Uploading file: download.jpg
2026-04-21 11:55:29,683 - INFO - Colors: ['#FFFFFF,#FF0000']
2026-04-21 11:55:29,685 - INFO - Product inserted successfully ID: 103
2026-04-21 11:55:29,690 - INFO - Product created successfully
2026-04-21 12:02:36,567 - INFO - Creating product: geethaaaaaaaaqqwqqqqqq
2026-04-21 12:02:36,568 - INFO - Colors: ['#FFFFFF', '#FF0000']
2026-04-21 12:05:36,679 - INFO - Creating product: geethaaaaaaaaqqwqqqqqq
2026-04-21 12:05:36,682 - INFO - Colors: ['#FFFFFF', '#FF0000', '#F2F2F2', '#A04618']
2026-04-21 12:05:36,710 - ERROR - duplicate key value violates unique constraint "unique_product_name"
DETAIL:  Key (name)=(geethaaaaaaaaqqwqqqqqq) already exists.

2026-04-21 12:05:45,590 - INFO - Creating product: geethaaaaaaaaqqwqqqqqqqsacesv
2026-04-21 12:05:45,592 - INFO - Colors: ['#FFFFFF', '#FF0000', '#F2F2F2', '#A04618']
2026-04-21 12:07:57,070 - INFO - Creating product: geethaaaaaaaaqqwqqqqqqqsacesvasaxas
2026-04-21 12:07:57,071 - INFO - Colors: ['#FFFFFF', '#FF0000', '#F2F2F2', '#A04618']
2026-04-21 12:27:52,734 - INFO - Creating product: geethaaaaaaaaqqwqqqqqqqsacesvasaxas4etetw
2026-04-21 12:27:52,736 - INFO - Colors: ['#FFFFFF', '#FF0000', '#F2F2F2', '#A04618']
2026-04-21 12:27:52,741 - ERROR - name 'image_Paths' is not defined
2026-04-22 10:07:54,288 - INFO - Creating product: dosjijsjsdjfiodsjjeu
2026-04-22 10:07:54,290 - INFO - Colors: ['#FFFFFF', '#FFFFFF']
2026-04-22 10:07:54,327 - INFO - All images: ['uploads/90a2151a.jpg', 'uploads/06bde0bf.png']
2026-04-22 10:07:54,327 - INFO - Gallery images: ['uploads/06bde0bf.png']
2026-04-22 10:25:01,759 - INFO - Creating product: dosjijsjsdjfiodsjjeu
2026-04-22 10:25:01,759 - INFO - Colors: ['#FFFFFF', '#FFFFFF']
2026-04-22 10:25:01,781 - ERROR - duplicate key value violates unique constraint "unique_product_name"
DETAIL:  Key (name)=(dosjijsjsdjfiodsjjeu) already exists.

2026-04-22 10:25:12,206 - INFO - Creating product: dosjijsjsdjfiodsjjeuyugyu
2026-04-22 10:25:12,206 - INFO - Colors: ['#FFFFFF', '#FFFFFF']
2026-04-22 10:25:12,212 - INFO - All images: ['uploads/a49c8325.jpg', 'uploads/14bd63f3.png']
2026-04-22 10:25:12,212 - INFO - Gallery images: ['uploads/14bd63f3.png']
2026-04-22 12:27:32,359 - ERROR - duplicate key value violates unique constraint "unique_product_name"
DETAIL:  Key (name)=(madhu test madhuuuuu) already exists.

2026-04-23 10:22:37,152 - INFO - Creating product: saikumar
2026-04-23 10:22:37,160 - INFO - Colors: ['#FFFFFF', '#NNNNNN']
2026-04-23 10:22:37,192 - INFO - All images: ['uploads/b9af8bf6.jpg', 'uploads/83f90a45.jpg']
2026-04-23 10:22:37,192 - INFO - Gallery images: ['uploads/83f90a45.jpg']
